生成启动时间为 2017/2/1 16:16:11。
     1>项目“F:\codeSave\win32\CaptureData\CaptureData\CaptureData.vcxproj”在节点 2 上(Build 个目标)。
     1>ClCompile:
         C:\Program Files (x86)\Microsoft Visual Studio 14.0\VC\bin\CL.exe /c /ZI /nologo /W3 /WX- /Od /Oy- /D WIN32 /D _DEBUG /D _CONSOLE /D _UNICODE /D UNICODE /Gm /EHsc /RTC1 /MDd /GS /fp:precise /Zc:wchar_t /Zc:forScope /Zc:inline /Yu"stdafx.h" /Fp"Debug\CaptureData.pch" /Fo"Debug\\" /Fd"Debug\vc140.pdb" /Gd /TP /analyze- /errorReport:prompt CaptureData.cpp
         CaptureData.cpp
     1>f:\codesave\win32\capturedata\capturedata\capturedata.cpp(9): warning C4081: 应输入“newline”；找到“;”
     1>f:\codesave\win32\capturedata\capturedata\capturedata.cpp(72): warning C4996: 'inet_ntoa': Use inet_ntop() or InetNtop() instead or define _WINSOCK_DEPRECATED_NO_WARNINGS to disable deprecated API warnings
         c:\program files (x86)\windows kits\8.1\include\um\winsock2.h(1868): note: 参见“inet_ntoa”的声明
     1>f:\codesave\win32\capturedata\capturedata\capturedata.cpp(76): warning C4996: 'inet_ntoa': Use inet_ntop() or InetNtop() instead or define _WINSOCK_DEPRECATED_NO_WARNINGS to disable deprecated API warnings
         c:\program files (x86)\windows kits\8.1\include\um\winsock2.h(1868): note: 参见“inet_ntoa”的声明
     1>f:\codesave\win32\capturedata\capturedata\capturedata.cpp(49): warning C4101: “i”: 未引用的局部变量
     1>f:\codesave\win32\capturedata\capturedata\capturedata.cpp(133): warning C4996: 'inet_ntoa': Use inet_ntop() or InetNtop() instead or define _WINSOCK_DEPRECATED_NO_WARNINGS to disable deprecated API warnings
         c:\program files (x86)\windows kits\8.1\include\um\winsock2.h(1868): note: 参见“inet_ntoa”的声明
     1>f:\codesave\win32\capturedata\capturedata\capturedata.cpp(137): warning C4996: 'inet_ntoa': Use inet_ntop() or InetNtop() instead or define _WINSOCK_DEPRECATED_NO_WARNINGS to disable deprecated API warnings
         c:\program files (x86)\windows kits\8.1\include\um\winsock2.h(1868): note: 参见“inet_ntoa”的声明
     1>f:\codesave\win32\capturedata\capturedata\capturedata.cpp(97): warning C4101: “i”: 未引用的局部变量
     1>f:\codesave\win32\capturedata\capturedata\capturedata.cpp(183): warning C4996: 'gethostbyname': Use getaddrinfo() or GetAddrInfoW() instead or define _WINSOCK_DEPRECATED_NO_WARNINGS to disable deprecated API warnings
         c:\program files (x86)\windows kits\8.1\include\um\winsock2.h(2238): note: 参见“gethostbyname”的声明
       Link:
         C:\Program Files (x86)\Microsoft Visual Studio 14.0\VC\bin\link.exe /ERRORREPORT:PROMPT /OUT:"F:\codeSave\win32\CaptureData\Debug\CaptureData.exe" /INCREMENTAL /NOLOGO kernel32.lib user32.lib gdi32.lib winspool.lib comdlg32.lib advapi32.lib shell32.lib ole32.lib oleaut32.lib uuid.lib odbc32.lib odbccp32.lib /MANIFEST /MANIFESTUAC:"level='requireAdministrator' uiAccess='false'" /manifest:embed /Debug /PDB:"F:\codeSave\win32\CaptureData\Debug\CaptureData.pdb" /SUBSYSTEM:CONSOLE /TLBID:1 /DYNAMICBASE /NXCOMPAT /IMPLIB:"F:\codeSave\win32\CaptureData\Debug\CaptureData.lib" /MACHINE:X86 Debug\CaptureData.obj
         Debug\stdafx.obj
         CaptureData.vcxproj -> F:\codeSave\win32\CaptureData\Debug\CaptureData.exe
     1>已完成生成项目“F:\codeSave\win32\CaptureData\CaptureData\CaptureData.vcxproj”(Build 个目标)的操作。

已成功生成。

已用时间 00:00:00.85
